Log file open, 10/29/18 10:45:54
LogWindows: Failed to load 'aqProf.dll' (GetLastError=126)
LogWindows: File 'aqProf.dll' does not exist
LogWindows: Failed to load 'VtuneApi.dll' (GetLastError=126)
LogWindows: File 'VtuneApi.dll' does not exist
LogWindows: Failed to load 'VtuneApi32e.dll' (GetLastError=126)
LogWindows: File 'VtuneApi32e.dll' does not exist
LogInit: Display: Running engine for game: Project_ICE
LogPlatformFile: Not using cached read wrapper
LogTaskGraph: Started task graph with 5 named threads and 23 total threads with 3 sets of task threads.
LogStats: Stats thread started at 0.269431
LogD3D11RHI: Loaded GFSDK_Aftermath_Lib.x64.dll
LogICUInternationalization: Display: ICU TimeZone Detection - Raw Offset: +9:00, Platform Override: ''
LogPluginManager: Mounting plugin Paper2D
LogPluginManager: Mounting plugin AISupport
LogPluginManager: Mounting plugin LightPropagationVolume
LogPluginManager: Mounting plugin CLionSourceCodeAccess
LogPluginManager: Mounting plugin CodeLiteSourceCodeAccess
LogPluginManager: Mounting plugin GitSourceControl
LogPluginManager: Mounting plugin KDevelopSourceCodeAccess
LogPluginManager: Mounting plugin NullSourceCodeAccess
LogPluginManager: Mounting plugin PerforceSourceControl
LogPluginManager: Mounting plugin SubversionSourceControl
LogPluginManager: Mounting plugin UObjectPlugin
LogPluginManager: Mounting plugin VisualStudioCodeSourceCodeAccess
LogPluginManager: Mounting plugin VisualStudioSourceCodeAccess
LogPluginManager: Mounting plugin XCodeSourceCodeAccess
LogPluginManager: Mounting plugin AssetManagerEditor
LogPluginManager: Mounting plugin CryptoKeys
LogPluginManager: Mounting plugin DataValidation
LogPluginManager: Mounting plugin FacialAnimation
LogPluginManager: Mounting plugin GameplayTagsEditor
LogPluginManager: Mounting plugin MacGraphicsSwitching
LogPluginManager: Mounting plugin MeshEditor
LogPluginManager: Mounting plugin MobileLauncherProfileWizard
LogPluginManager: Mounting plugin PluginBrowser
LogPluginManager: Mounting plugin SpeedTreeImporter
LogPluginManager: Mounting plugin DatasmithContent
LogPluginManager: Mounting plugin AlembicImporter
LogPluginManager: Mounting plugin AppleImageUtils
LogPluginManager: Mounting plugin AppleVision
LogPluginManager: Mounting plugin BackChannel
LogPluginManager: Mounting plugin CharacterAI
LogPluginManager: Mounting plugin GeometryCache
LogPluginManager: Mounting plugin HTML5Networking
LogPluginManager: Mounting plugin ProxyLODPlugin
LogPluginManager: Mounting plugin MagicLeap
LogPluginManager: Mounting plugin MagicLeapEmulator
LogPluginManager: Mounting plugin MagicLeapMedia
LogPluginManager: Mounting plugin AndroidMedia
LogPluginManager: Mounting plugin AvfMedia
LogPluginManager: Mounting plugin ImgMedia
LogPluginManager: Mounting plugin LinearTimecode
LogPluginManager: Mounting plugin MediaCompositing
LogPluginManager: Mounting plugin MediaPlayerEditor
LogPluginManager: Mounting plugin WmfMedia
LogPluginManager: Mounting plugin TcpMessaging
LogPluginManager: Mounting plugin UdpMessaging
LogPluginManager: Mounting plugin ActorSequence
LogPluginManager: Mounting plugin LevelSequenceEditor
LogPluginManager: Mounting plugin MatineeToLevelSequence
LogPluginManager: Mounting plugin NetcodeUnitTest
LogPluginManager: Mounting plugin NUTUnrealEngine4
LogPluginManager: Mounting plugin OnlineSubsystemGooglePlay
LogPluginManager: Mounting plugin OnlineSubsystemIOS
LogPluginManager: Mounting plugin OnlineSubsystem
LogPluginManager: Mounting plugin OnlineSubsystemNull
LogPluginManager: Mounting plugin OnlineSubsystemUtils
LogPluginManager: Mounting plugin LauncherChunkInstaller
LogPluginManager: Mounting plugin AndroidDeviceProfileSelector
LogPluginManager: Mounting plugin AndroidMoviePlayer
LogPluginManager: Mounting plugin AndroidPermission
LogPluginManager: Mounting plugin AppleMoviePlayer
LogPluginManager: Mounting plugin ArchVisCharacter
LogPluginManager: Mounting plugin AudioCapture
LogPluginManager: Mounting plugin CableComponent
LogPluginManager: Mounting plugin CustomMeshComponent
LogPluginManager: Mounting plugin EditableMesh
LogPluginManager: Mounting plugin ExampleDeviceProfileSelector
LogPluginManager: Mounting plugin GoogleCloudMessaging
LogPluginManager: Mounting plugin ImmediatePhysics
LogPluginManager: Mounting plugin IOSDeviceProfileSelector
LogPluginManager: Mounting plugin LinuxDeviceProfileSelector
LogPluginManager: Mounting plugin LocationServicesBPLibrary
LogPluginManager: Mounting plugin MobilePatchingUtils
LogPluginManager: Mounting plugin OculusVR
LogPluginManager: Plugin shader directory ../../../Engine/Plugins/Runtime/Oculus/OculusVR/Shaders found
LogPluginManager: Mapping shader source directory ../../../Engine/Plugins/Runtime/Oculus/OculusVR/Shaders to virtual directory /Plugin/OculusVR
LogPluginManager: Mounting plugin PhysXVehicles
LogPluginManager: Mounting plugin ProceduralMeshComponent
LogPluginManager: Mounting plugin RuntimePhysXCooking
LogPluginManager: Mounting plugin SteamVR
LogPluginManager: Mounting plugin WindowsMoviePlayer
LogStreaming: Display: Took  0.070s to configure plugins.
LogInit: Using libcurl 7.55.1-DEV
LogInit:  - built for x86_64-pc-win32
LogInit:  - supports SSL with OpenSSL/1.0.2h
LogInit:  - supports HTTP deflate (compression) using libz 1.2.8
LogInit:  - other features:
LogInit:      CURL_VERSION_SSL
LogInit:      CURL_VERSION_LIBZ
LogInit:      CURL_VERSION_IPV6
LogInit:      CURL_VERSION_ASYNCHDNS
LogInit:      CURL_VERSION_LARGEFILE
LogInit:      CURL_VERSION_IDN
LogInit:  CurlRequestOptions (configurable via config and command line):
LogInit:  - bVerifyPeer = false  - Libcurl will NOT verify peer certificate
LogInit:  - bUseHttpProxy = false  - Libcurl will NOT use HTTP proxy
LogInit:  - bDontReuseConnections = false  - Libcurl will reuse connections
LogInit:  - CertBundlePath = nullptr  - Libcurl will use whatever was configured at build time.
LogInit:  - MaxHostConnections = 16  - Libcurl will limit the number of connections to a host
LogInit:  - LocalHostAddr = Default
LogInit:  - BufferSize = 65536
LogInit: WinSock: version 1.1 (2.2), MaxSocks=32767, MaxUdp=65467
LogInit: Build: ++UE4+Release-4.20-CL-4369336
LogInit: Engine Version: 4.20.3-4369336+++UE4+Release-4.20
LogInit: Compatible Engine Version: 4.20.0-4212847+++UE4+Release-4.20
LogInit: Net CL: 4212847
LogInit: OS: Windows 10 (), CPU: Intel(R) Core(TM) i7-7700 CPU @ 3.60GHz, GPU: NVIDIA GeForce GTX 745
LogInit: Compiled (64-bit): Sep 17 2018 12:26:19
LogInit: Compiled with Visual C++: 19.13.26129.00
LogInit: Build Configuration: Development
LogInit: Branch Name: ++UE4+Release-4.20
LogInit: Command Line:  
LogInit: Base Directory: C:/Program Files/Epic Games/UE_4.20/Engine/Binaries/Win64/
LogInit: Installed Engine Build: 1
LogDevObjectVersion: Number of dev versions registered: 20
LogDevObjectVersion:   Dev-Blueprints (B0D832E4-1F89-4F0D-ACCF-7EB736FD4AA2): 10
LogDevObjectVersion:   Dev-Build (E1C64328-A22C-4D53-A36C-8E866417BD8C): 0
LogDevObjectVersion:   Dev-Core (375EC13C-06E4-48FB-B500-84F0262A717E): 2
LogDevObjectVersion:   Dev-Editor (E4B068ED-F494-42E9-A231-DA0B2E46BB41): 24
LogDevObjectVersion:   Dev-Framework (CFFC743F-43B0-4480-9391-14DF171D2073): 34
LogDevObjectVersion:   Dev-Mobile (B02B49B5-BB20-44E9-A304-32B752E40360): 2
LogDevObjectVersion:   Dev-Networking (A4E4105C-59A1-49B5-A7C5-40C4547EDFEE): 0
LogDevObjectVersion:   Dev-Online (39C831C9-5AE6-47DC-9A44-9C173E1C8E7C): 0
LogDevObjectVersion:   Dev-Physics (78F01B33-EBEA-4F98-B9B4-84EACCB95AA2): 0
LogDevObjectVersion:   Dev-Platform (6631380F-2D4D-43E0-8009-CF276956A95A): 0
LogDevObjectVersion:   Dev-Rendering (12F88B9F-8875-4AFC-A67C-D90C383ABD29): 26
LogDevObjectVersion:   Dev-Sequencer (7B5AE74C-D270-4C10-A958-57980B212A5A): 9
LogDevObjectVersion:   Dev-VR (D7296918-1DD6-4BDD-9DE2-64A83CC13884): 2
LogDevObjectVersion:   Dev-LoadTimes (C2A15278-BFE7-4AFE-6C17-90FF531DF755): 1
LogDevObjectVersion:   Private-Geometry (6EACA3D4-40EC-4CC1-B786-8BED09428FC5): 3
LogDevObjectVersion:   Dev-AnimPhys (29E575DD-E0A3-4627-9D10-D276232CDCEA): 17
LogDevObjectVersion:   Dev-ReflectionCapture (6B266CEC-1EC7-4B8F-A30B-E4D90942FC07): 1
LogDevObjectVersion:   Dev-Automation (0DF73D61-A23F-47EA-B727-89E90C41499A): 1
LogDevObjectVersion:   FortniteMain (601D1886-AC64-4F84-AA16-D3DE0DEAC7D6): 12
LogDevObjectVersion:   Dev-Enterprise (9DFFBCD6-494F-0158-E221-12823C92A888): 1
LogStreaming: Display: Took  0.001s to delete old logs.
LogInit: Presizing for max 8388607 objects, including 0 objects not considered by GC, pre-allocating 0 bytes for permanent pool.
LogInit: Object subsystem initialized
[2018.10.29-01.45.54:592][  0]LogInit: Selected Device Profile: [Windows]
[2018.10.29-01.45.54:592][  0]LogInit: Applying CVar settings loaded from the selected device profile: [Windows]
[2018.10.29-01.45.54:602][  0]LogHAL: Display: Platform has ~ 16 GB [17027985408 / 17179869184 / 16], which maps to Larger [LargestMinGB=32, LargerMinGB=12, DefaultMinGB=8, SmallerMinGB=6, SmallestMinGB=0)
[2018.10.29-01.45.54:602][  0]LogInit: Setting Device Profile CVar: [[r.Vulkan.UseRealUBs:1]]
[2018.10.29-01.45.54:602][  0]LogInit: Going up to parent DeviceProfile []
[2018.10.29-01.45.54:602][  0]LogInit: Computer: DEV1-9
[2018.10.29-01.45.54:602][  0]LogInit: User: student
[2018.10.29-01.45.54:602][  0]LogInit: CPU Page size=4096, Cores=4
[2018.10.29-01.45.54:602][  0]LogInit: High frequency timer resolution =3.515629 MHz
[2018.10.29-01.45.54:602][  0]LogMemory: Memory total: Physical=15.9GB (16GB approx)
[2018.10.29-01.45.54:602][  0]LogMemory: Platform Memory Stats for Windows
[2018.10.29-01.45.54:602][  0]LogMemory: Process Physical Memory: 100.56 MB used, 100.56 MB peak
[2018.10.29-01.45.54:602][  0]LogMemory: Process Virtual Memory: 90.94 MB used, 90.94 MB peak
[2018.10.29-01.45.54:602][  0]LogMemory: Physical Memory: 3937.72 MB used,  12301.43 MB free, 16239.15 MB total
[2018.10.29-01.45.54:602][  0]LogMemory: Virtual Memory: 4640.39 MB used,  12301.43 MB free, 134217728.00 MB total
[2018.10.29-01.45.54:617][  0]LogInit: Using OS detected language (ja-JP).
[2018.10.29-01.45.54:617][  0]LogInit: Using OS detected locale (ja-JP).
[2018.10.29-01.45.54:618][  0]LogTextLocalizationManager: No specific localization for 'ja-JP' exists, so the 'ja' localization will be used.
[2018.10.29-01.45.54:899][  0]LogStreaming: Display: Took  0.282s to InitEngineTextLocalization.
[2018.10.29-01.45.54:899][  0]LogInit: Setting process to per monitor DPI aware
[2018.10.29-01.45.54:929][  0]LogSlate: New Slate User Created.  User Index 0, Is Virtual User: 0
[2018.10.29-01.45.54:929][  0]LogSlate: Slate User Registered.  User Index 0, Is Virtual User: 0
[2018.10.29-01.45.55:070][  0]LogHMD: Failed to initialize OpenVR with code 110
[2018.10.29-01.45.55:070][  0]LogD3D11RHI: D3D11 adapters:
[2018.10.29-01.45.55:115][  0]LogD3D11RHI:    0. 'NVIDIA GeForce GTX 745' (Feature Level 11_0)
[2018.10.29-01.45.55:115][  0]LogD3D11RHI:       2007/0/8119 MB DedicatedVideo/DedicatedSystem/SharedSystem, Outputs:1, VendorId:0x10de
[2018.10.29-01.45.55:117][  0]LogD3D11RHI:    1. 'Microsoft Basic Render Driver' (Feature Level 11_0)
[2018.10.29-01.45.55:117][  0]LogD3D11RHI:       0/0/8119 MB DedicatedVideo/DedicatedSystem/SharedSystem, Outputs:0, VendorId:0x1414
[2018.10.29-01.45.55:117][  0]LogD3D11RHI: Chosen D3D11 Adapter: 0
[2018.10.29-01.45.55:122][  0]LogD3D11RHI: Creating new Direct3DDevice
[2018.10.29-01.45.55:122][  0]LogD3D11RHI:     GPU DeviceId: 0x1382 (for the marketing name, search the web for "GPU Device Id")
[2018.10.29-01.45.55:122][  0]LogWindows: EnumDisplayDevices:
[2018.10.29-01.45.55:122][  0]LogWindows:    0. 'NVIDIA GeForce GTX 745' (P:1 D:1)
[2018.10.29-01.45.55:122][  0]LogWindows:    1. 'NVIDIA GeForce GTX 745' (P:0 D:0)
[2018.10.29-01.45.55:122][  0]LogWindows:    2. 'NVIDIA GeForce GTX 745' (P:0 D:0)
[2018.10.29-01.45.55:122][  0]LogWindows:    3. 'NVIDIA GeForce GTX 745' (P:0 D:0)
[2018.10.29-01.45.55:122][  0]LogWindows: DebugString: FoundDriverCount:4 
[2018.10.29-01.45.55:122][  0]LogD3D11RHI:     Adapter Name: NVIDIA GeForce GTX 745
[2018.10.29-01.45.55:122][  0]LogD3D11RHI:   Driver Version: 390.65 (internal:23.21.13.9065, unified:390.65)
[2018.10.29-01.45.55:122][  0]LogD3D11RHI:      Driver Date: 1-3-2018
[2018.10.29-01.45.55:122][  0]LogRHI: Texture pool is 1405 MB (70% of 2007 MB)
[2018.10.29-01.45.55:147][  0]LogD3D11RHI: Async texture creation enabled
[2018.10.29-01.45.55:162][  0]LogD3D11RHI: GPU Timing Frequency: 1000.000000 (Debug: 2 2)
[2018.10.29-01.45.55:163][  0]LogShaderCompilers: Guid format shader working directory is -15 characters bigger than the processId version (../../../../../../Users/student/Desktop/西浦/TeamICE/Project_ICE2/Intermediate/Shaders/WorkingDirectory/2956/).
[2018.10.29-01.45.55:163][  0]LogShaderCompilers: Cleaned the shader compiler working directory 'C:/Users/student/AppData/Local/Temp/UnrealShaderWorkingDir/197C83D049A3D53187336B864944C6EA/'.
[2018.10.29-01.45.55:365][  0]LogTemp: Display: Loaded TP AllDesktopTargetPlatform
[2018.10.29-01.45.55:375][  0]LogTemp: Display: Loaded TP MacClientTargetPlatform
[2018.10.29-01.45.55:386][  0]LogTemp: Display: Loaded TP MacNoEditorTargetPlatform
[2018.10.29-01.45.55:396][  0]LogTemp: Display: Loaded TP MacServerTargetPlatform
[2018.10.29-01.45.55:407][  0]LogTemp: Display: Loaded TP MacTargetPlatform
[2018.10.29-01.45.55:417][  0]LogTemp: Display: Loaded TP WindowsClientTargetPlatform
[2018.10.29-01.45.55:428][  0]LogTemp: Display: Loaded TP WindowsNoEditorTargetPlatform
[2018.10.29-01.45.55:439][  0]LogTemp: Display: Loaded TP WindowsServerTargetPlatform
[2018.10.29-01.45.55:444][  0]LogTemp: Display: Loaded TP WindowsTargetPlatform
[2018.10.29-01.45.55:506][  0]LogTemp: Display: Loaded TP AndroidTargetPlatform
[2018.10.29-01.45.55:506][  0]LogTemp: Display: Loaded TP AndroidTargetPlatform
[2018.10.29-01.45.55:506][  0]LogTemp: Display: Loaded TP AndroidTargetPlatform
[2018.10.29-01.45.55:506][  0]LogTemp: Display: Loaded TP AndroidTargetPlatform
[2018.10.29-01.45.55:506][  0]LogTemp: Display: Loaded TP AndroidTargetPlatform
[2018.10.29-01.45.55:506][  0]LogTemp: Display: Loaded TP AndroidTargetPlatform
[2018.10.29-01.45.55:506][  0]LogTemp: Display: Loaded TP AndroidTargetPlatform
[2018.10.29-01.45.55:506][  0]LogTemp: Display: Loaded TP AndroidTargetPlatform
[2018.10.29-01.45.55:506][  0]LogTemp: Display: Loaded TP AndroidTargetPlatform
[2018.10.29-01.45.55:506][  0]LogTemp: Display: Loaded TP AndroidTargetPlatform
[2018.10.29-01.45.55:506][  0]LogTemp: Display: Loaded TP AndroidTargetPlatform
[2018.10.29-01.45.55:506][  0]LogTemp: Display: Loaded TP AndroidTargetPlatform
[2018.10.29-01.45.55:506][  0]LogTemp: Display: Loaded TP AndroidTargetPlatform
[2018.10.29-01.45.55:506][  0]LogTemp: Display: Loaded TP AndroidTargetPlatform
[2018.10.29-01.45.55:506][  0]LogTemp: Display: Loaded TP AndroidTargetPlatform
[2018.10.29-01.45.55:506][  0]LogTemp: Display: Loaded TP AndroidTargetPlatform
[2018.10.29-01.45.55:506][  0]LogTemp: Display: Loaded TP AndroidTargetPlatform
[2018.10.29-01.45.55:506][  0]LogTemp: Display: Loaded TP AndroidTargetPlatform
[2018.10.29-01.45.55:507][  0]LogTemp: Display: Loaded TP HTML5TargetPlatform
[2018.10.29-01.45.55:561][  0]LogTemp: Display: Loaded TP IOSTargetPlatform
[2018.10.29-01.45.55:561][  0]LogTemp: Display: Loaded TP IOSTargetPlatform
[2018.10.29-01.45.55:579][  0]LogTemp: Display: Loaded TP TVOSTargetPlatform
[2018.10.29-01.45.55:579][  0]LogTemp: Display: Loaded TP TVOSTargetPlatform
[2018.10.29-01.45.55:589][  0]LogTemp: Display: Loaded TP LinuxClientTargetPlatform
[2018.10.29-01.45.55:598][  0]LogTemp: Display: Loaded TP LinuxNoEditorTargetPlatform
[2018.10.29-01.45.55:608][  0]LogTemp: Display: Loaded TP LinuxServerTargetPlatform
[2018.10.29-01.45.55:618][  0]LogTemp: Display: Loaded TP LinuxTargetPlatform
[2018.10.29-01.45.55:625][  0]LogTemp: Display: Loaded TP LuminTargetPlatform
[2018.10.29-01.45.55:625][  0]LogTargetPlatformManager: Display: Building Assets For Windows
[2018.10.29-01.45.55:670][  0]LogXGEController: Cleaning working directory: C:/Users/student/AppData/Local/Temp/UnrealXGEWorkingDir/
[2018.10.29-01.45.55:670][  0]LogXGEController: Cannot use XGE Controller as Incredibuild is not installed on this machine.
[2018.10.29-01.45.55:670][  0]LogShaderCompilers: Cannot use XGE Shader Compiler as Incredibuild is not installed on this machine.
[2018.10.29-01.45.55:670][  0]LogShaderCompilers: Display: Using Local Shader Compiler.
[2018.10.29-01.45.56:218][  0]LogDerivedDataCache: Display: Max Cache Size: 512 MB
[2018.10.29-01.45.56:261][  0]LogDerivedDataCache: Loaded boot cache 0.04s 71MB C:/Users/student/AppData/Local/UnrealEngine/4.20/DerivedDataCache/Boot.ddc.
[2018.10.29-01.45.56:261][  0]LogDerivedDataCache: Display: Loaded Boot cache: C:/Users/student/AppData/Local/UnrealEngine/4.20/DerivedDataCache/Boot.ddc
[2018.10.29-01.45.56:261][  0]LogDerivedDataCache: FDerivedDataBackendGraph:  Pak pak cache file ../../../../../../Users/student/Desktop/西浦/TeamICE/Project_ICE2/DerivedDataCache/DDC.ddp not found, will not use a pak cache.
[2018.10.29-01.45.56:261][  0]LogDerivedDataCache: Unable to find inner node Pak for hierarchical cache Hierarchy.
[2018.10.29-01.45.56:261][  0]LogDerivedDataCache: FDerivedDataBackendGraph:  CompressedPak pak cache file ../../../../../../Users/student/Desktop/西浦/TeamICE/Project_ICE2/DerivedDataCache/Compressed.ddp not found, will not use a pak cache.
[2018.10.29-01.45.56:261][  0]LogDerivedDataCache: Unable to find inner node CompressedPak for hierarchical cache Hierarchy.
[2018.10.29-01.45.56:272][  0]LogDerivedDataCache: Display: Pak cache opened for reading ../../../Engine/DerivedDataCache/Compressed.ddp.
[2018.10.29-01.45.56:285][  0]LogDerivedDataCache: Using Local data cache path C:/Users/student/AppData/Local/UnrealEngine/Common/DerivedDataCache: Writable
[2018.10.29-01.45.56:285][  0]LogDerivedDataCache: Shared data cache path not found in *engine.ini, will not use an Shared cache.
[2018.10.29-01.45.56:285][  0]LogDerivedDataCache: Unable to find inner node Shared for hierarchical cache Hierarchy.
[2018.10.29-01.45.56:304][  0]LogMaterial: Verifying Global Shaders for PCD3D_SM5
[2018.10.29-01.45.56:306][  0]LogSlate: Using FreeType 2.6.0
[2018.10.29-01.45.56:306][  0]LogSlate: SlateFontServices - WITH_FREETYPE: 1, WITH_HARFBUZZ: 1
[2018.10.29-01.45.56:378][  0]LogAssetRegistry: FAssetRegistry took 0.0261 seconds to start up
[2018.10.29-01.45.56:637][  0]LogInit: Selected Device Profile: [Windows]
[2018.10.29-01.45.56:746][  0]LogSimplygon: Simplygon DLL not present - disabling.
[2018.10.29-01.45.56:748][  0]LogMeshReduction: Using SimplygonSwarm for distributed automatic mesh merging
[2018.10.29-01.45.56:748][  0]LogMeshReduction: Using ProxyLODMeshReduction for automatic mesh merging
[2018.10.29-01.45.56:748][  0]LogMeshReduction: Using QuadricMeshReduction for automatic static mesh reduction
[2018.10.29-01.45.56:748][  0]LogMeshReduction: No automatic skeletal mesh reduction module available
[2018.10.29-01.45.56:762][  0]LogNetVersion: Project_ICE 1.0.0, NetCL: 4212847, EngineNetVer: 5, GameNetVer: 0 (Checksum: 1589808326)
[2018.10.29-01.45.57:174][  0]LogPackageLocalizationCache: Processed 11 localized package path(s) for 2 prioritized culture(s) in 0.098310 seconds
[2018.10.29-01.45.57:182][  0]LogUObjectArray: 38425 objects as part of root set at end of initial load.
[2018.10.29-01.45.57:182][  0]LogUObjectAllocator: 6690864 out of 0 bytes used by permanent object pool.
[2018.10.29-01.45.57:182][  0]LogUObjectArray: CloseDisregardForGC: 0/0 objects in disregard for GC pool
[2018.10.29-01.45.57:864][  0]LogTcpMessaging: Initializing TcpMessaging bridge
[2018.10.29-01.45.57:876][  0]LogUdpMessaging: Initializing bridge on interface 0.0.0.0:0 to multicast group 230.0.0.1:6666.
[2018.10.29-01.45.58:007][  0]SourceControl: ソースコントロールは無効です
[2018.10.29-01.45.58:007][  0]SourceControl: ソースコントロールは無効です
[2018.10.29-01.45.58:008][  0]SourceControl: ソースコントロールは無効です
[2018.10.29-01.45.58:009][  0]SourceControl: ソースコントロールは無効です
[2018.10.29-01.45.58:155][  0]LogAndroidPermission: UAndroidPermissionCallbackProxy::GetInstance
[2018.10.29-01.45.58:183][  0]LogOcInput: OculusInput pre-init called
[2018.10.29-01.45.58:236][  0]LogEngine: Initializing Engine...
[2018.10.29-01.45.58:236][  0]LogHMD: Failed to initialize OpenVR with code 110
[2018.10.29-01.45.58:237][  0]LogStats: UGameplayTagsManager::ConstructGameplayTagTree: ImportINI prefixes -  0.000 s
[2018.10.29-01.45.58:237][  0]LogStats: UGameplayTagsManager::ConstructGameplayTagTree: Construct from data asset -  0.000 s
[2018.10.29-01.45.58:237][  0]LogStats: UGameplayTagsManager::ConstructGameplayTagTree: ImportINI -  0.000 s
[2018.10.29-01.45.58:237][  0]LogStats: UGameplayTagsManager::ConstructGameplayTagTree: GameplayTagTreeChangedEvent.Broadcast -  0.000 s
[2018.10.29-01.45.58:404][  0]LogInit: Initializing FReadOnlyCVARCache
[2018.10.29-01.45.58:413][  0]LogAIModule: Creating AISystem for world Untitled
[2018.10.29-01.45.58:421][  0]LogInit: XAudio2 using 'スピーカー (Realtek High Definition Audio)' : 2 channels at 48 kHz using 32 bits per sample (channel mask 0x3)
[2018.10.29-01.45.58:449][  0]LogInit: FAudioDevice initialized.
[2018.10.29-01.45.58:449][  0]LogNetVersion: Set ProjectVersion to 1.0.0.0. Version Checksum will be recalculated on next use.
[2018.10.29-01.45.58:634][  0]LogDerivedDataCache: Saved boot cache 0.18s 71MB C:/Users/student/AppData/Local/UnrealEngine/4.20/DerivedDataCache/Boot.ddc.
[2018.10.29-01.45.58:643][  0]LogInit: Texture streaming: Enabled
[2018.10.29-01.45.58:655][  0]LogEngineSessionManager: EngineSessionManager initialized
[2018.10.29-01.45.58:675][  0]LogInit: Transaction tracking system initialized
[2018.10.29-01.45.58:703][  0]BlueprintLog: New page: エディタの読み込み
[2018.10.29-01.45.58:759][  0]LocalizationService: ローカライズのサービスが無効になりました
[2018.10.29-01.45.58:815][  0]LogLinker: Warning: ファイル '/Game/ThirdPersonBP/ThirdPersonOverview' が見つかりません
[2018.10.29-01.45.58:815][  0]LogLinker: Warning: ファイル '/Game/ThirdPersonBP/ThirdPersonOverview' が見つかりません
[2018.10.29-01.45.58:815][  0]LogUObjectGlobals: Warning: オブジェクト 'Class /Game/ThirdPersonBP/ThirdPersonOverview.ThirdPersonOverview_C' が見つかりませんでした
[2018.10.29-01.45.58:979][  0]LogCook: Display: Max memory allowance for cook 16384mb min free memory 0mb
[2018.10.29-01.45.58:979][  0]LogCook: Display: Mobile HDR setting 1
[2018.10.29-01.45.58:979][  0]LogGameplayTags: Display: UGameplayTagsManager::DoneAddingNativeTags. DelegateIsBound: 0
[2018.10.29-01.45.58:979][  0]LogStats: UGameplayTagsManager::ConstructGameplayTagTree: ImportINI prefixes -  0.000 s
[2018.10.29-01.45.58:979][  0]LogStats: UGameplayTagsManager::ConstructGameplayTagTree: Construct from data asset -  0.000 s
[2018.10.29-01.45.58:979][  0]LogStats: UGameplayTagsManager::ConstructGameplayTagTree: ImportINI -  0.000 s
[2018.10.29-01.45.58:979][  0]LogStats: UGameplayTagsManager::ConstructGameplayTagTree: GameplayTagTreeChangedEvent.Broadcast -  0.000 s
[2018.10.29-01.45.59:084][  0]LogFileCache: Scanning file cache for directory 'C:/Users/student/Desktop/西浦/TeamICE/Project_ICE2/Content/' took 0.01s
[2018.10.29-01.45.59:084][  0]SourceControl: ソースコントロールは無効です
[2018.10.29-01.45.59:084][  0]Cmd: MAP LOAD FILE="../../../../../../Users/student/Desktop/西浦/TeamICE/Project_ICE2/Content/StarterContent/Maps/Minimal_Default.umap" TEMPLATE=0 SHOWPROGRESS=1 FEATURELEVEL=3
[2018.10.29-01.45.59:088][  0]LightingResults: New page: ライティングのビルド
[2018.10.29-01.45.59:090][  0]MapCheck: New page: マップをチェック
[2018.10.29-01.45.59:090][  0]LightingResults: New page: <何も選択されていません>
[2018.10.29-01.45.59:465][  0]LogAIModule: Creating AISystem for world Minimal_Default
[2018.10.29-01.45.59:473][  0]LogEditorServer: Finished looking for orphan Actors (0.000 secs)
[2018.10.29-01.45.59:491][  0]Cmd: MAP CHECKDEP NOCLEARLOG
[2018.10.29-01.45.59:550][  0]MapCheck: マップチェックが完了: 0 エラー、 0 警告、完了に 59.184ミリ秒かかりました。
[2018.10.29-01.45.59:550][  0]LogFileHelpers: Loading map 'Minimal_Default' took 0.466
[2018.10.29-01.45.59:630][  0]LogSlate: Updating window title bar state: overlay mode, drag disabled, window buttons hidden, title bar hidden
[2018.10.29-01.45.59:637][  0]LogSlate: Updating window title bar state: overlay mode, drag disabled, window buttons hidden, title bar hidden
[2018.10.29-01.45.59:643][  0]LogSlate: Updating window title bar state: overlay mode, drag disabled, window buttons hidden, title bar hidden
[2018.10.29-01.45.59:649][  0]LogSlate: Updating window title bar state: overlay mode, drag disabled, window buttons hidden, title bar hidden
[2018.10.29-01.45.59:654][  0]LogCollectionManager: Loaded 0 collections in 0.001768 seconds
[2018.10.29-01.45.59:692][  0]LogFileCache: Scanning file cache for directory 'C:/Users/student/Desktop/西浦/TeamICE/Project_ICE2/Saved/Collections/' took 0.01s
[2018.10.29-01.45.59:692][  0]LogFileCache: Scanning file cache for directory 'C:/Users/student/Desktop/西浦/TeamICE/Project_ICE2/Content/Developers/student/Collections/' took 0.01s
[2018.10.29-01.45.59:692][  0]LogFileCache: Scanning file cache for directory 'C:/Users/student/Desktop/西浦/TeamICE/Project_ICE2/Content/Collections/' took 0.01s
[2018.10.29-01.45.59:692][  0]LogCollectionManager: Rebuilt the GUID cache for 0 collections in 0.000001 seconds
[2018.10.29-01.45.59:699][  0]LogContentBrowser: Native class hierarchy populated in 0.0073 seconds. Added 2572 classes and 603 folders.
[2018.10.29-01.45.59:704][  0]LogContentBrowser: Native class hierarchy updated for 'WidgetCarousel' in 0.0002 seconds. Added 0 classes and 0 folders.
[2018.10.29-01.45.59:737][  0]LogContentBrowser: Native class hierarchy updated for 'AddContentDialog' in 0.0002 seconds. Added 0 classes and 0 folders.
[2018.10.29-01.45.59:741][  0]LogContentBrowser: Native class hierarchy updated for 'SceneOutliner' in 0.0002 seconds. Added 1 classes and 2 folders.
[2018.10.29-01.45.59:788][  0]LogSlate: Took 0.000203 seconds to synchronously load lazily loaded font '../../../Engine/Content/Slate/Fonts/Roboto-Regular.ttf' (155K)
[2018.10.29-01.45.59:790][  0]LogSlate: Took 0.000451 seconds to synchronously load lazily loaded font '../../../Engine/Content/Editor/Slate/Fonts/GenEiGothicPro-Regular.otf' (707K)
[2018.10.29-01.45.59:792][  0]LogSlate: Took 0.000416 seconds to synchronously load lazily loaded font '../../../Engine/Content/Editor/Slate/Fonts/GenEiGothicPro-Bold.otf' (698K)
[2018.10.29-01.45.59:792][  0]LogSlate: Took 0.000098 seconds to synchronously load lazily loaded font '../../../Engine/Content/Slate/Fonts/Roboto-Bold.ttf' (160K)
[2018.10.29-01.45.59:794][  0]LogSlate: Took 0.000176 seconds to synchronously load lazily loaded font '../../../Engine/Content/Editor/Slate/Fonts/FontAwesome.ttf' (139K)
[2018.10.29-01.45.59:858][  0]LogRenderer: Reallocating scene render targets to support 648x644 Format 10 NumSamples 1 (Frame:1).
[2018.10.29-01.46.00:017][  0]LogContentBrowser: Native class hierarchy updated for 'HierarchicalLODOutliner' in 0.0002 seconds. Added 0 classes and 0 folders.
[2018.10.29-01.46.00:017][  0]LogLoad: (Engine Initialization) Total time: 6.77 seconds
[2018.10.29-01.46.00:017][  0]LogLoad: (Engine Initialization) Total Blueprint compile time: 0.00 seconds
[2018.10.29-01.46.00:030][  0]LogWindowsTextInputMethodSystem: Display: IME system now activated using TSF (Microsoft IME).
[2018.10.29-01.46.00:052][  0]LogAssetRegistry: Asset discovery search completed in 3.6974 seconds
[2018.10.29-01.46.00:054][  0]LogCollectionManager: Rebuilt the object cache for 0 collections in 0.000001 seconds (found 0 objects)
[2018.10.29-01.46.00:054][  0]LogCollectionManager: Fixed up redirectors for 0 collections in 0.000037 seconds (updated 0 objects)
[2018.10.29-01.46.00:056][  0]LogContentStreaming: Texture pool size now 1000 MB
[2018.10.29-01.46.00:201][  0]LogSlate: Took 0.000160 seconds to synchronously load lazily loaded font '../../../Engine/Content/Slate/Fonts/Roboto-Light.ttf' (167K)
[2018.10.29-01.46.05:570][581]LogSlate: FSceneViewport::OnFocusLost() reason 0
[2018.10.29-01.46.08:413][886]LogSlate: Took 0.000135 seconds to synchronously load lazily loaded font '../../../Engine/Content/Slate/Fonts/Roboto-Light.ttf' (167K)
[2018.10.29-01.46.08:414][886]LogSlate: Took 0.000251 seconds to synchronously load lazily loaded font '../../../Engine/Content/Editor/Slate/Fonts/GenEiGothicPro-Light.otf' (713K)
[2018.10.29-01.46.08:419][886]LogAssetEditorManager: Opening Asset editor for AnimBlueprint /Game/Animations/BP_TestCharacterAnim.BP_TestCharacterAnim
[2018.10.29-01.46.08:484][886]LogContentBrowser: Native class hierarchy updated for 'SkeletonEditor' in 0.0002 seconds. Added 1 classes and 2 folders.
[2018.10.29-01.46.08:637][886]LogActorComponent: RegisterComponentWithWorld: (/Engine/Transient.World_1:PersistentLevel.AnimationEditorPreviewActor_0.DebugSkelMeshComponent_0) Already registered. Aborting.
[2018.10.29-01.46.08:640][886]LogContentBrowser: Native class hierarchy updated for 'PinnedCommandList' in 0.0002 seconds. Added 1 classes and 0 folders.
[2018.10.29-01.46.08:990][886]LogContentBrowser: Native class hierarchy updated for 'BlueprintGraph' in 0.0005 seconds. Added 116 classes and 0 folders.
[2018.10.29-01.46.09:532][886]LogSkeletalMesh: USkeletalMeshComponent::InitArticulated : Bodies already created (/Engine/Transient.World_1:PersistentLevel.AnimationEditorPreviewActor_0.DebugSkelMeshComponent_0) - call TermArticulated first.
[2018.10.29-01.46.09:810][886]LogSlate: Took 0.000437 seconds to synchronously load lazily loaded font '../../../Engine/Content/Editor/Slate/Fonts/GenEiGothicPro-SemiBold.otf' (703K)
[2018.10.29-01.46.09:810][886]LogSlate: Took 0.000094 seconds to synchronously load lazily loaded font '../../../Engine/Content/Slate/Fonts/Roboto-BoldCondensed.ttf' (158K)
[2018.10.29-01.46.09:847][886]LogContentBrowser: Native class hierarchy updated for 'ClothingSystemEditorInterface' in 0.0002 seconds. Added 1 classes and 0 folders.
[2018.10.29-01.46.09:949][887]LogSlate: Took 0.000232 seconds to synchronously load lazily loaded font '../../../Engine/Content/Slate/Fonts/Roboto-Italic.ttf' (157K)
[2018.10.29-01.46.30:933][260]LogSlate: Window 'BP_TestCharacterAnim' being destroyed
[2018.10.29-01.46.44:238][570]LogAIModule: Creating AISystem for world Map
[2018.10.29-01.46.44:243][570]LogAssetEditorManager: Opening Asset editor for World /Game/Maps/Map.Map
[2018.10.29-01.46.44:274][570]Cmd: MAP LOAD FILE="../../../../../../Users/student/Desktop/西浦/TeamICE/Project_ICE2/Content/Maps/Map.umap" TEMPLATE=0 SHOWPROGRESS=1 FEATURELEVEL=3
[2018.10.29-01.46.44:274][570]LightingResults: New page: ライティングのビルド
[2018.10.29-01.46.44:275][570]LoadErrors: New page: マップをロード中: Map.umap
[2018.10.29-01.46.44:275][570]MapCheck: New page: マップをチェック
[2018.10.29-01.46.44:275][570]LightingResults: New page: <何も選択されていません>
[2018.10.29-01.46.44:358][570]LogEditorServer: Finished looking for orphan Actors (0.000 secs)
[2018.10.29-01.46.44:406][570]Cmd: MAP CHECKDEP NOCLEARLOG
[2018.10.29-01.46.44:466][570]MapCheck: マップチェックが完了: 0 エラー、 0 警告、完了に 60.252ミリ秒かかりました。
[2018.10.29-01.46.44:467][570]LogFileHelpers: Loading map 'Map' took 0.193
[2018.10.29-01.47.00:672][304]LogSlate: FSceneViewport::OnFocusLost() reason 0
[2018.10.29-01.47.01:388][325]LogTexture: Display: Building textures: Texture2D_2 (G8, 128X128)
[2018.10.29-01.47.33:849][396]LogAssetEditorManager: Opening Asset editor for AnimBlueprint /Game/Animations/BP_TestCharacterAnim.BP_TestCharacterAnim
[2018.10.29-01.47.33:888][396]LogActorComponent: RegisterComponentWithWorld: (/Engine/Transient.World_10:PersistentLevel.AnimationEditorPreviewActor_0.DebugSkelMeshComponent_0) Already registered. Aborting.
[2018.10.29-01.47.34:090][396]LogSkeletalMesh: USkeletalMeshComponent::InitArticulated : Bodies already created (/Engine/Transient.World_10:PersistentLevel.AnimationEditorPreviewActor_0.DebugSkelMeshComponent_0) - call TermArticulated first.
[2018.10.29-01.47.44:510][ 20]LogSlate: Window 'BP_TestCharacterAnim' being destroyed
[2018.10.29-01.47.56:864][157]LogAssetEditorManager: Opening Asset editor for World /Game/Maps/Map.Map
[2018.10.29-01.47.56:893][157]Cmd: MAP LOAD FILE="../../../../../../Users/student/Desktop/西浦/TeamICE/Project_ICE2/Content/Maps/Map.umap" TEMPLATE=0 SHOWPROGRESS=1 FEATURELEVEL=3
[2018.10.29-01.47.56:893][157]LightingResults: New page: ライティングのビルド
[2018.10.29-01.47.56:894][157]LoadErrors: New page: マップをロード中: Map.umap
[2018.10.29-01.47.56:894][157]MapCheck: New page: マップをチェック
[2018.10.29-01.47.56:894][157]LightingResults: New page: <何も選択されていません>
[2018.10.29-01.47.56:930][157]LogAIModule: Creating AISystem for world Map
[2018.10.29-01.47.56:990][157]LogEditorServer: Finished looking for orphan Actors (0.000 secs)
[2018.10.29-01.47.57:040][157]Cmd: MAP CHECKDEP NOCLEARLOG
[2018.10.29-01.47.57:102][157]MapCheck: マップチェックが完了: 0 エラー、 0 警告、完了に 61.2ミリ秒かかりました。
[2018.10.29-01.47.57:103][157]LogFileHelpers: Loading map 'Map' took 0.214
[2018.10.29-02.08.33:621][662]LogSlate: Window '新規レベル' being destroyed
[2018.10.29-02.08.33:626][662]Cmd: MAP LOAD FILE="../../../Engine/Content/Maps/Templates/Template_Default.umap" TEMPLATE=1 SHOWPROGRESS=1 FEATURELEVEL=3
[2018.10.29-02.08.33:634][662]LightingResults: New page: ライティングのビルド
[2018.10.29-02.08.33:635][662]LoadErrors: New page: マップをロード中: Template_Default.umap
[2018.10.29-02.08.33:636][662]MapCheck: New page: マップをチェック
[2018.10.29-02.08.33:636][662]LightingResults: New page: <何も選択されていません>
[2018.10.29-02.08.33:676][662]LogAIModule: Creating AISystem for world Untitled_1
[2018.10.29-02.08.33:739][662]LogEditorServer: Finished looking for orphan Actors (0.000 secs)
[2018.10.29-02.08.33:770][662]Cmd: MAP CHECKDEP NOCLEARLOG
[2018.10.29-02.08.33:841][662]MapCheck: マップチェックが完了: 0 エラー、 0 警告、完了に 70.171ミリ秒かかりました。
[2018.10.29-02.08.33:841][662]LogFileHelpers: Loading map 'Template_Default' took 0.215
[2018.10.29-02.09.12:937][663]LogSlate: Window '名前を付けてレベルを保存する' being destroyed
[2018.10.29-02.09.13:051][663]Cmd: OBJ SAVEPACKAGE PACKAGE="/Game/Maps/TestMap" FILE="../../../../../../Users/student/Desktop/西浦/TeamICE/Project_ICE2/Content/Maps/TestMap.umap" SILENT=true AUTOSAVING=false KEEPDIRTY=false
[2018.10.29-02.09.13:099][663]LogSavePackage: Moving '../../../../../../Users/student/Desktop/西浦/TeamICE/Project_ICE2/Saved/TestMap8CD9836A436551EC62CE0E9146C00E82.tmp' to '../../../../../../Users/student/Desktop/西浦/TeamICE/Project_ICE2/Content/Maps/TestMap.umap'
[2018.10.29-02.09.13:133][663]Cmd: OBJ SAVEPACKAGE PACKAGE="/Game/Maps/TestMap_BuiltData" FILE="../../../../../../Users/student/Desktop/西浦/TeamICE/Project_ICE2/Content/Maps/TestMap_BuiltData.uasset" SILENT=true
[2018.10.29-02.09.13:150][663]LogSavePackage: Moving '../../../../../../Users/student/Desktop/西浦/TeamICE/Project_ICE2/Saved/TestMap_BuiltDataB0731CC744F99A084F7098BC303876B2.tmp' to '../../../../../../Users/student/Desktop/西浦/TeamICE/Project_ICE2/Content/Maps/TestMap_BuiltData.uasset'
[2018.10.29-02.09.13:157][663]LogFileHelpers: Saving map 'TestMap' took 0.214
[2018.10.29-02.09.20:699][517]LogAssetEditorManager: Opening Asset editor for World /Game/Maps/TestMap.TestMap
[2018.10.29-02.09.20:723][517]Cmd: MAP LOAD FILE="../../../../../../Users/student/Desktop/西浦/TeamICE/Project_ICE2/Content/Maps/TestMap.umap" TEMPLATE=0 SHOWPROGRESS=1 FEATURELEVEL=3
[2018.10.29-02.09.20:723][517]LightingResults: New page: ライティングのビルド
[2018.10.29-02.09.20:724][517]LoadErrors: New page: マップをロード中: TestMap.umap
[2018.10.29-02.09.20:724][517]MapCheck: New page: マップをチェック
[2018.10.29-02.09.20:724][517]LightingResults: New page: <何も選択されていません>
[2018.10.29-02.09.20:757][517]LogAIModule: Creating AISystem for world TestMap
[2018.10.29-02.09.20:816][517]LogEditorServer: Finished looking for orphan Actors (0.000 secs)
[2018.10.29-02.09.20:866][517]Cmd: MAP CHECKDEP NOCLEARLOG
[2018.10.29-02.09.20:928][517]MapCheck: マップチェックが完了: 0 エラー、 0 警告、完了に 62.591ミリ秒かかりました。
[2018.10.29-02.09.20:929][517]LogFileHelpers: Loading map 'TestMap' took 0.207
[2018.10.29-02.09.33:229][896]LogAIModule: Creating AISystem for world Map
[2018.10.29-02.09.33:233][896]LogAssetEditorManager: Opening Asset editor for World /Game/Maps/Map.Map
[2018.10.29-02.09.33:258][896]Cmd: MAP LOAD FILE="../../../../../../Users/student/Desktop/西浦/TeamICE/Project_ICE2/Content/Maps/Map.umap" TEMPLATE=0 SHOWPROGRESS=1 FEATURELEVEL=3
[2018.10.29-02.09.33:258][896]LightingResults: New page: ライティングのビルド
[2018.10.29-02.09.33:259][896]LoadErrors: New page: マップをロード中: Map.umap
[2018.10.29-02.09.33:259][896]MapCheck: New page: マップをチェック
[2018.10.29-02.09.33:259][896]LightingResults: New page: <何も選択されていません>
[2018.10.29-02.09.33:347][896]LogEditorServer: Finished looking for orphan Actors (0.000 secs)
[2018.10.29-02.09.33:394][896]Cmd: MAP CHECKDEP NOCLEARLOG
[2018.10.29-02.09.33:457][896]MapCheck: マップチェックが完了: 0 エラー、 0 警告、完了に 62.632ミリ秒かかりました。
[2018.10.29-02.09.33:458][896]LogFileHelpers: Loading map 'Map' took 0.201
[2018.10.29-02.09.42:022][830]LogAIModule: Creating AISystem for world TestMap
[2018.10.29-02.09.42:024][830]LogAssetEditorManager: Opening Asset editor for World /Game/Maps/TestMap.TestMap
[2018.10.29-02.09.42:048][830]Cmd: MAP LOAD FILE="../../../../../../Users/student/Desktop/西浦/TeamICE/Project_ICE2/Content/Maps/TestMap.umap" TEMPLATE=0 SHOWPROGRESS=1 FEATURELEVEL=3
[2018.10.29-02.09.42:048][830]LightingResults: New page: ライティングのビルド
[2018.10.29-02.09.42:049][830]LoadErrors: New page: マップをロード中: TestMap.umap
[2018.10.29-02.09.42:049][830]MapCheck: New page: マップをチェック
[2018.10.29-02.09.42:049][830]LightingResults: New page: <何も選択されていません>
[2018.10.29-02.09.42:123][830]LogEditorServer: Finished looking for orphan Actors (0.000 secs)
[2018.10.29-02.09.42:184][830]Cmd: MAP CHECKDEP NOCLEARLOG
[2018.10.29-02.09.42:247][830]MapCheck: マップチェックが完了: 0 エラー、 0 警告、完了に 63.222ミリ秒かかりました。
[2018.10.29-02.09.42:248][830]LogFileHelpers: Loading map 'TestMap' took 0.200
[2018.10.29-02.10.04:257][307]LogAIModule: Creating AISystem for world Map
[2018.10.29-02.10.04:261][307]LogAssetEditorManager: Opening Asset editor for World /Game/Maps/Map.Map
[2018.10.29-02.10.04:284][307]Cmd: MAP LOAD FILE="../../../../../../Users/student/Desktop/西浦/TeamICE/Project_ICE2/Content/Maps/Map.umap" TEMPLATE=0 SHOWPROGRESS=1 FEATURELEVEL=3
[2018.10.29-02.10.04:284][307]LightingResults: New page: ライティングのビルド
[2018.10.29-02.10.04:285][307]LoadErrors: New page: マップをロード中: Map.umap
[2018.10.29-02.10.04:285][307]MapCheck: New page: マップをチェック
[2018.10.29-02.10.04:285][307]LightingResults: New page: <何も選択されていません>
[2018.10.29-02.10.04:365][307]LogEditorServer: Finished looking for orphan Actors (0.000 secs)
[2018.10.29-02.10.04:411][307]Cmd: MAP CHECKDEP NOCLEARLOG
[2018.10.29-02.10.04:470][307]MapCheck: マップチェックが完了: 0 エラー、 0 警告、完了に 59.43ミリ秒かかりました。
[2018.10.29-02.10.04:471][307]LogFileHelpers: Loading map 'Map' took 0.187
[2018.10.29-02.10.24:104][411]LogTemp: Repeating last play command: 選択ビューポート
[2018.10.29-02.10.24:121][411]LogPlayLevel: PlayLevel: No blueprints needed recompiling
[2018.10.29-02.10.24:133][411]PIE: New page: PIEセッション: Map (2018/10/29 20:10:24)
[2018.10.29-02.10.24:133][411]LogPlayLevel: Creating play world package: /Game/Maps/UEDPIE_0_Map
[2018.10.29-02.10.24:135][411]LogPlayLevel: PIE: StaticDuplicateObject took: (0.002246s)
[2018.10.29-02.10.24:136][411]LogAIModule: Creating AISystem for world Map
[2018.10.29-02.10.24:136][411]LogPlayLevel: PIE: World Init took: (0.000835s)
[2018.10.29-02.10.24:136][411]LogPlayLevel: PIE: Created PIE world by copying editor world from /Game/Maps/Map.Map to /Game/Maps/UEDPIE_0_Map.Map (0.003197s)
[2018.10.29-02.10.24:161][411]LogInit: XAudio2 using 'スピーカー (Realtek High Definition Audio)' : 2 channels at 48 kHz using 32 bits per sample (channel mask 0x3)
[2018.10.29-02.10.24:171][411]LogInit: FAudioDevice initialized.
[2018.10.29-02.10.24:211][411]LogLoad: Game class is 'BP_TestGameMode_C'
[2018.10.29-02.10.24:212][411]LogWorld: Bringing World /Game/Maps/UEDPIE_0_Map.Map up for play (max tick rate 0) at 2018.10.29-11.10.24
[2018.10.29-02.10.24:212][411]LogWorld: Bringing up level for play took: 0.000521
[2018.10.29-02.10.24:228][411]LogContentBrowser: Native class hierarchy updated for 'MovieSceneCapture' in 0.0002 seconds. Added 10 classes and 0 folders.
[2018.10.29-02.10.24:248][411]PIE: /Game/Maps/UEDPIE_0_Map -0.805のプレイ イン エディタの開始時間
[2018.10.29-02.10.56:745][223]LogSlate: Updating window title bar state: overlay mode, drag disabled, window buttons hidden, title bar hidden
[2018.10.29-02.10.56:780][223]LogPlayLevel: Display: Shutting down PIE online subsystems
[2018.10.29-02.10.56:806][223]LogSlate: Updating window title bar state: overlay mode, drag disabled, window buttons hidden, title bar hidden
[2018.10.29-02.10.56:851][227]LogPlayLevel: Display: Destroying online subsystem :Context_13
[2018.10.29-02.11.09:272][553]LogSlate: FSceneViewport::OnFocusLost() reason 0
[2018.10.29-02.11.19:713][464]LogScript: Warning: Accessed None trying to read property CallFunc_GetPlayerController_ReturnValue
	BP_TestCharacterAnim_C /Engine/Transient.World_12:PersistentLevel.BP_TestCharacter_C_0.CharacterMesh0.BP_TestCharacterAnim_C_0
	Function /Game/Animations/BP_TestCharacterAnim.BP_TestCharacterAnim_C:ExecuteUbergraph_BP_TestCharacterAnim:0179
[2018.10.29-02.11.33:358][857]LogAIModule: Creating AISystem for world TestMap
[2018.10.29-02.11.33:361][857]LogAssetEditorManager: Opening Asset editor for World /Game/Maps/TestMap.TestMap
[2018.10.29-02.11.33:385][857]Cmd: MAP LOAD FILE="../../../../../../Users/student/Desktop/西浦/TeamICE/Project_ICE2/Content/Maps/TestMap.umap" TEMPLATE=0 SHOWPROGRESS=1 FEATURELEVEL=3
[2018.10.29-02.11.33:385][857]LightingResults: New page: ライティングのビルド
[2018.10.29-02.11.33:385][857]LoadErrors: New page: マップをロード中: TestMap.umap
[2018.10.29-02.11.33:386][857]MapCheck: New page: マップをチェック
[2018.10.29-02.11.33:386][857]LightingResults: New page: <何も選択されていません>
[2018.10.29-02.11.33:458][857]LogEditorServer: Finished looking for orphan Actors (0.000 secs)
[2018.10.29-02.11.33:507][857]Cmd: MAP CHECKDEP NOCLEARLOG
[2018.10.29-02.11.33:570][857]MapCheck: マップチェックが完了: 0 エラー、 0 警告、完了に 62.172ミリ秒かかりました。
[2018.10.29-02.11.33:571][857]LogFileHelpers: Loading map 'TestMap' took 0.187
[2018.10.29-02.11.40:284][358]LogSlate: Window 'Delete Assets' being destroyed
[2018.10.29-02.11.40:291][358]LightingResults: New page: ライティングのビルド
[2018.10.29-02.11.40:291][358]MapCheck: New page: マップをチェック
[2018.10.29-02.11.40:291][358]LightingResults: New page: <何も選択されていません>
[2018.10.29-02.11.40:321][358]LogAIModule: Creating AISystem for world Untitled
[2018.10.29-02.11.40:378][358]LoadErrors: New page: 新規のマップ
[2018.10.29-02.11.40:391][358]LogAIModule: Creating AISystem for world TestMap
[2018.10.29-02.11.43:996][652]LogAIModule: Creating AISystem for world Map
[2018.10.29-02.11.44:000][652]LogAssetEditorManager: Opening Asset editor for World /Game/Maps/Map.Map
[2018.10.29-02.11.44:021][652]Cmd: MAP LOAD FILE="../../../../../../Users/student/Desktop/西浦/TeamICE/Project_ICE2/Content/Maps/Map.umap" TEMPLATE=0 SHOWPROGRESS=1 FEATURELEVEL=3
[2018.10.29-02.11.44:022][652]LightingResults: New page: ライティングのビルド
[2018.10.29-02.11.44:022][652]LoadErrors: New page: マップをロード中: Map.umap
[2018.10.29-02.11.44:022][652]MapCheck: New page: マップをチェック
[2018.10.29-02.11.44:022][652]LightingResults: New page: <何も選択されていません>
[2018.10.29-02.11.44:112][652]LogEditorServer: Finished looking for orphan Actors (0.000 secs)
[2018.10.29-02.11.44:158][652]Cmd: MAP CHECKDEP NOCLEARLOG
[2018.10.29-02.11.44:228][652]MapCheck: マップチェックが完了: 0 エラー、 0 警告、完了に 70.321ミリ秒かかりました。
[2018.10.29-02.11.44:229][652]LogFileHelpers: Loading map 'Map' took 0.209
[2018.10.29-02.12.10:214][628]LogSlate: Window 'Project_ICE - Unreal Editor' being destroyed
[2018.10.29-02.12.10:216][628]LogWindowsTextInputMethodSystem: Display: IME system now activated using TSF (Microsoft IME).
[2018.10.29-02.12.10:410][629]Cmd: QUIT_EDITOR
[2018.10.29-02.12.10:910][629]LogExit: Preparing to exit.
[2018.10.29-02.12.11:736][629]LogExit: Editor shut down
[2018.10.29-02.12.11:736][629]LogExit: Transaction tracking system shut down
[2018.10.29-02.12.12:345][629]LogExit: Object subsystem successfully closed.
[2018.10.29-02.12.12:366][629]LogShaderCompilers: Display: Shaders left to compile 0
[2018.10.29-02.12.12:368][629]LogD3D11RHI: Shutdown
[2018.10.29-02.12.12:368][629]LogD3D11RHI: CleanupD3DDevice
[2018.10.29-02.12.12:370][629]LogD3D11RHI: ~FD3D11DynamicRHI
[2018.10.29-02.12.12:385][629]LogModuleManager: Shutting down and abandoning module MovieSceneCapture (628)
[2018.10.29-02.12.12:385][629]LogModuleManager: Shutting down and abandoning module Voice (626)
[2018.10.29-02.12.12:385][629]LogModuleManager: Shutting down and abandoning module HierarchicalLODUtilities (624)
[2018.10.29-02.12.12:385][629]LogModuleManager: Shutting down and abandoning module NewLevelDialog (622)
[2018.10.29-02.12.12:385][629]LogModuleManager: Shutting down and abandoning module ClothingSystemEditorInterface (620)
[2018.10.29-02.12.12:385][629]LogModuleManager: Shutting down and abandoning module BlueprintGraph (618)
[2018.10.29-02.12.12:385][629]LogModuleManager: Shutting down and abandoning module PinnedCommandList (616)
[2018.10.29-02.12.12:385][629]LogModuleManager: Shutting down and abandoning module SkeletonEditor (614)
[2018.10.29-02.12.12:385][629]LogModuleManager: Shutting down and abandoning module AnimationBlueprintEditor (612)
[2018.10.29-02.12.12:385][629]LogModuleManager: Shutting down and abandoning module HierarchicalLODOutliner (610)
[2018.10.29-02.12.12:385][629]LogModuleManager: Shutting down and abandoning module SceneOutliner (608)
[2018.10.29-02.12.12:386][629]LogModuleManager: Shutting down and abandoning module AddContentDialog (606)
[2018.10.29-02.12.12:387][629]LogModuleManager: Shutting down and abandoning module WidgetCarousel (605)
[2018.10.29-02.12.12:387][629]LogModuleManager: Shutting down and abandoning module EditorWidgets (602)
[2018.10.29-02.12.12:387][629]LogModuleManager: Shutting down and abandoning module CollectionManager (600)
[2018.10.29-02.12.12:388][629]LogModuleManager: Shutting down and abandoning module StatsViewer (598)
[2018.10.29-02.12.12:388][629]LogModuleManager: Shutting down and abandoning module FoliageEdit (596)
[2018.10.29-02.12.12:388][629]LogModuleManager: Shutting down and abandoning module LandscapeEditor (594)
[2018.10.29-02.12.12:388][629]LogModuleManager: Shutting down and abandoning module MeshPaintMode (592)
[2018.10.29-02.12.12:388][629]LogModuleManager: Shutting down and abandoning module SceneDepthPickerMode (590)
[2018.10.29-02.12.12:388][629]LogModuleManager: Shutting down and abandoning module ActorPickerMode (588)
[2018.10.29-02.12.12:388][629]LogModuleManager: Shutting down and abandoning module GeometryMode (586)
[2018.10.29-02.12.12:388][629]LogModuleManager: Shutting down and abandoning module TextureAlignMode (584)
[2018.10.29-02.12.12:388][629]LogModuleManager: Shutting down and abandoning module BspMode (582)
[2018.10.29-02.12.12:388][629]LogModuleManager: Shutting down and abandoning module PIEPreviewDeviceProfileSelector (580)
[2018.10.29-02.12.12:388][629]LogModuleManager: Shutting down and abandoning module SequenceRecorderSections (578)
[2018.10.29-02.12.12:388][629]LogModuleManager: Shutting down and abandoning module AutomationWorker (576)
[2018.10.29-02.12.12:388][629]LogModuleManager: Shutting down and abandoning module AudioCaptureEditor (574)
[2018.10.29-02.12.12:388][629]LogModuleManager: Shutting down and abandoning module SequenceRecorder (573)
[2018.10.29-02.12.12:388][629]LogModuleManager: Shutting down and abandoning module MatineeToLevelSequence (570)
[2018.10.29-02.12.12:388][629]LogModuleManager: Shutting down and abandoning module LevelSequenceEditor (568)
[2018.10.29-02.12.12:388][629]LogModuleManager: Shutting down and abandoning module PlacementMode (567)
[2018.10.29-02.12.12:388][629]LogModuleManager: Shutting down and abandoning module MaterialEditor (566)
[2018.10.29-02.12.12:388][629]LogModuleManager: Shutting down and abandoning module WmfMediaFactory (562)
[2018.10.29-02.12.12:388][629]LogModuleManager: Shutting down and abandoning module WmfMediaEditor (560)
[2018.10.29-02.12.12:388][629]LogModuleManager: Shutting down and abandoning module MediaPlayerEditor (558)
[2018.10.29-02.12.12:388][629]LogModuleManager: Shutting down and abandoning module OpenExrWrapper (556)
[2018.10.29-02.12.12:388][629]LogModuleManager: Shutting down and abandoning module ImgMediaFactory (554)
[2018.10.29-02.12.12:388][629]LogModuleManager: Shutting down and abandoning module ImgMediaEditor (552)
[2018.10.29-02.12.12:388][629]LogModuleManager: Shutting down and abandoning module AvfMediaFactory (550)
[2018.10.29-02.12.12:388][629]LogModuleManager: Shutting down and abandoning module AvfMediaEditor (548)
[2018.10.29-02.12.12:388][629]LogModuleManager: Shutting down and abandoning module AndroidMediaFactory (546)
[2018.10.29-02.12.12:388][629]LogModuleManager: Shutting down and abandoning module AndroidMediaEditor (544)
[2018.10.29-02.12.12:388][629]LogModuleManager: Shutting down and abandoning module MagicLeapCameraPreviewFactory (542)
[2018.10.29-02.12.12:388][629]LogModuleManager: Shutting down and abandoning module MagicLeapMediaFactory (540)
[2018.10.29-02.12.12:388][629]LogModuleManager: Shutting down and abandoning module MagicLeapMediaEditor (538)
[2018.10.29-02.12.12:388][629]LogModuleManager: Shutting down and abandoning module CharacterAI (536)
[2018.10.29-02.12.12:388][629]LogModuleManager: Shutting down and abandoning module SmartSnapping (534)
[2018.10.29-02.12.12:388][629]LogModuleManager: Shutting down and abandoning module SessionServices (532)
[2018.10.29-02.12.12:388][629]LogModuleManager: Shutting down and abandoning module ViewportSnapping (530)
[2018.10.29-02.12.12:388][629]LogModuleManager: Shutting down and abandoning module ViewportInteraction (528)
[2018.10.29-02.12.12:388][629]LogModuleManager: Shutting down and abandoning module ClothPainter (526)
[2018.10.29-02.12.12:388][629]LogModuleManager: Shutting down and abandoning module SkeletalMeshEditor (525)
[2018.10.29-02.12.12:388][629]LogModuleManager: Shutting down and abandoning module LogVisualizer (522)
[2018.10.29-02.12.12:388][629]LogModuleManager: Shutting down and abandoning module IntroTutorials (520)
[2018.10.29-02.12.12:388][629]LogModuleManager: Shutting down and abandoning module GameProjectGeneration (519)
[2018.10.29-02.12.12:388][629]LogModuleManager: Shutting down and abandoning module LuminPlatformEditor (516)
[2018.10.29-02.12.12:388][629]LogModuleManager: Shutting down and abandoning module IOSPlatformEditor (514)
[2018.10.29-02.12.12:388][629]LogModuleManager: Shutting down and abandoning module HTML5PlatformEditor (512)
[2018.10.29-02.12.12:388][629]LogModuleManager: Shutting down and abandoning module AndroidPlatformEditor (510)
[2018.10.29-02.12.12:388][629]LogModuleManager: Shutting down and abandoning module AndroidDeviceDetection (509)
[2018.10.29-02.12.12:653][629]LogModuleManager: Shutting down and abandoning module WindowsPlatformEditor (506)
[2018.10.29-02.12.12:653][629]LogModuleManager: Shutting down and abandoning module LuminRuntimeSettings (504)
[2018.10.29-02.12.12:653][629]LogModuleManager: Shutting down and abandoning module IOSRuntimeSettings (502)
[2018.10.29-02.12.12:653][629]LogModuleManager: Shutting down and abandoning module AndroidRuntimeSettings (500)
[2018.10.29-02.12.12:653][629]LogModuleManager: Shutting down and abandoning module InputBindingEditor (498)
[2018.10.29-02.12.12:653][629]LogModuleManager: Shutting down and abandoning module MergeActors (496)
[2018.10.29-02.12.12:653][629]LogModuleManager: Shutting down and abandoning module LocalizationDashboard (494)
[2018.10.29-02.12.12:653][629]LogModuleManager: Shutting down and abandoning module LocalizationService (493)
[2018.10.29-02.12.12:653][629]LogModuleManager: Shutting down and abandoning module HardwareTargeting (490)
[2018.10.29-02.12.12:653][629]LogModuleManager: Shutting down and abandoning module DeviceProfileEditor (488)
[2018.10.29-02.12.12:653][629]LogModuleManager: Shutting down and abandoning module UndoHistory (486)
[2018.10.29-02.12.12:653][629]LogModuleManager: Shutting down and abandoning module XmlParser (484)
[2018.10.29-02.12.12:653][629]LogModuleManager: Shutting down and abandoning module Blutility (482)
[2018.10.29-02.12.12:653][629]LogModuleManager: Shutting down and abandoning module ProjectSettingsViewer (480)
[2018.10.29-02.12.12:653][629]LogModuleManager: Shutting down and abandoning module ProjectTargetPlatformEditor (479)
[2018.10.29-02.12.12:653][629]LogModuleManager: Shutting down and abandoning module EditorSettingsViewer (476)
[2018.10.29-02.12.12:653][629]LogModuleManager: Shutting down and abandoning module SettingsEditor (474)
[2018.10.29-02.12.12:653][629]LogModuleManager: Shutting down and abandoning module ProjectLauncher (472)
[2018.10.29-02.12.12:653][629]LogModuleManager: Shutting down and abandoning module SessionFrontend (470)
[2018.10.29-02.12.12:653][629]LogModuleManager: Shutting down and abandoning module ProfilerClient (468)
[2018.10.29-02.12.12:653][629]LogModuleManager: Shutting down and abandoning module DeviceManager (466)
[2018.10.29-02.12.12:653][629]LogModuleManager: Shutting down and abandoning module TargetDeviceServices (465)
[2018.10.29-02.12.12:708][629]LogModuleManager: Shutting down and abandoning module AutomationController (462)
[2018.10.29-02.12.12:708][629]LogModuleManager: Shutting down and abandoning module AutomationWindow (460)
[2018.10.29-02.12.12:708][629]LogModuleManager: Shutting down and abandoning module Layers (458)
[2018.10.29-02.12.12:708][629]LogModuleManager: Shutting down and abandoning module ComponentVisualizers (456)
[2018.10.29-02.12.12:708][629]LogModuleManager: Shutting down and abandoning module DetailCustomizations (454)
[2018.10.29-02.12.12:708][629]LogModuleManager: Shutting down and abandoning module PackagesDialog (452)
[2018.10.29-02.12.12:708][629]LogModuleManager: Shutting down and abandoning module Persona (450)
[2018.10.29-02.12.12:708][629]LogModuleManager: Shutting down and abandoning module AdvancedPreviewScene (449)
[2018.10.29-02.12.12:708][629]LogModuleManager: Shutting down and abandoning module AnimGraph (447)
[2018.10.29-02.12.12:708][629]LogModuleManager: Shutting down and abandoning module Kismet (444)
[2018.10.29-02.12.12:711][629]LogModuleManager: Shutting down and abandoning module GraphEditor (442)
[2018.10.29-02.12.12:711][629]LogModuleManager: Shutting down and abandoning module ClassViewer (440)
[2018.10.29-02.12.12:711][629]LogModuleManager: Shutting down and abandoning module Toolbox (438)
[2018.10.29-02.12.12:711][629]LogModuleManager: Shutting down and abandoning module ModuleUI (436)
[2018.10.29-02.12.12:711][629]LogModuleManager: Shutting down and abandoning module MovieSceneTools (434)
[2018.10.29-02.12.12:711][629]LogModuleManager: Shutting down and abandoning module OutputLog (432)
[2018.10.29-02.12.12:711][629]LogModuleManager: Shutting down and abandoning module GammaUI (430)
[2018.10.29-02.12.12:711][629]LogModuleManager: Shutting down and abandoning module Documentation (428)
[2018.10.29-02.12.12:711][629]LogModuleManager: Shutting down and abandoning module MovieSceneTracks (426)
[2018.10.29-02.12.12:711][629]LogModuleManager: Shutting down and abandoning module MovieScene (424)
[2018.10.29-02.12.12:711][629]LogModuleManager: Shutting down and abandoning module StreamingPauseRendering (422)
[2018.10.29-02.12.12:711][629]LogModuleManager: Shutting down and abandoning module LauncherPlatform (420)
[2018.10.29-02.12.12:711][629]LogModuleManager: Shutting down and abandoning module AnalyticsET (418)
[2018.10.29-02.12.12:711][629]LogModuleManager: Shutting down and abandoning module PortalServices (416)
[2018.10.29-02.12.12:711][629]LogModuleManager: Shutting down and abandoning module PortalRpc (414)
[2018.10.29-02.12.12:711][629]LogModuleManager: Shutting down and abandoning module MessagingRpc (412)
[2018.10.29-02.12.12:711][629]LogModuleManager: Shutting down and abandoning module AIModule (410)
[2018.10.29-02.12.12:711][629]LogModuleManager: Shutting down and abandoning module GameplayDebugger (409)
[2018.10.29-02.12.12:711][629]LogModuleManager: Shutting down and abandoning module AITestSuite (407)
[2018.10.29-02.12.12:711][629]LogModuleManager: Shutting down and abandoning module NavigationSystem (405)
[2018.10.29-02.12.12:711][629]LogModuleManager: Shutting down and abandoning module DesktopPlatform (402)
[2018.10.29-02.12.12:711][629]LogModuleManager: Shutting down and abandoning module ProfilerService (400)
[2018.10.29-02.12.12:745][629]LogModuleManager: Shutting down and abandoning module TaskGraph (398)
[2018.10.29-02.12.12:745][629]LogModuleManager: Shutting down and abandoning module SteamVRController (396)
[2018.10.29-02.12.12:745][629]LogModuleManager: Shutting down and abandoning module ProceduralMeshComponentEditor (394)
[2018.10.29-02.12.12:745][629]LogModuleManager: Shutting down and abandoning module ProceduralMeshComponent (392)
[2018.10.29-02.12.12:745][629]LogModuleManager: Shutting down and abandoning module OculusInput (390)
[2018.10.29-02.12.12:745][629]LogModuleManager: Shutting down and abandoning module MobilePatchingUtils (388)
[2018.10.29-02.12.12:745][629]LogModuleManager: Shutting down and abandoning module EditableMesh (386)
[2018.10.29-02.12.12:745][629]LogModuleManager: Shutting down and abandoning module CustomMeshComponent (384)
[2018.10.29-02.12.12:745][629]LogModuleManager: Shutting down and abandoning module CableComponent (382)
[2018.10.29-02.12.12:745][629]LogModuleManager: Shutting down and abandoning module AudioCapture (380)
[2018.10.29-02.12.12:745][629]LogModuleManager: Shutting down and abandoning module ArchVisCharacter (378)
[2018.10.29-02.12.12:745][629]LogModuleManager: Shutting down and abandoning module AndroidPermission (376)
[2018.10.29-02.12.12:745][629]LogModuleManager: Shutting down and abandoning module NUTUnrealEngine4 (374)
[2018.10.29-02.12.12:745][629]LogModuleManager: Shutting down and abandoning module NetcodeUnitTest (372)
[2018.10.29-02.12.12:745][629]LogModuleManager: Shutting down and abandoning module MediaCompositingEditor (370)
[2018.10.29-02.12.12:745][629]LogModuleManager: Shutting down and abandoning module MediaCompositing (368)
[2018.10.29-02.12.12:745][629]LogModuleManager: Shutting down and abandoning module LinearTimecode (366)
[2018.10.29-02.12.12:745][629]LogModuleManager: Shutting down and abandoning module ImgMedia (364)
[2018.10.29-02.12.12:747][629]LogModuleManager: Shutting down and abandoning module HTML5Networking (362)
[2018.10.29-02.12.12:747][629]LogModuleManager: Shutting down and abandoning module GeometryCacheTracks (360)
[2018.10.29-02.12.12:747][629]LogModuleManager: Shutting down and abandoning module GeometryCacheSequencer (358)
[2018.10.29-02.12.12:747][629]LogModuleManager: Shutting down and abandoning module BackChannel (356)
[2018.10.29-02.12.12:747][629]LogModuleManager: Shutting down and abandoning module AppleVision (354)
[2018.10.29-02.12.12:747][629]LogModuleManager: Shutting down and abandoning module AppleImageUtils (352)
[2018.10.29-02.12.12:747][629]LogModuleManager: Shutting down and abandoning module AlembicImporter (350)
[2018.10.29-02.12.12:747][629]LogModuleManager: Shutting down and abandoning module AlembicLibrary (349)
[2018.10.29-02.12.12:747][629]LogModuleManager: Shutting down and abandoning module GeometryCache (348)
[2018.10.29-02.12.12:747][629]LogModuleManager: Shutting down and abandoning module GeometryCacheEd (347)
[2018.10.29-02.12.12:747][629]LogModuleManager: Shutting down and abandoning module DatasmithContentEditor (342)
[2018.10.29-02.12.12:747][629]LogModuleManager: Shutting down and abandoning module DatasmithContent (340)
[2018.10.29-02.12.12:747][629]LogModuleManager: Shutting down and abandoning module SpeedTreeImporter (338)
[2018.10.29-02.12.12:747][629]LogModuleManager: Shutting down and abandoning module PluginBrowser (336)
[2018.10.29-02.12.12:747][629]LogModuleManager: Shutting down and abandoning module MobileLauncherProfileWizard (334)
[2018.10.29-02.12.12:747][629]LogModuleManager: Shutting down and abandoning module PolygonModeling (332)
[2018.10.29-02.12.12:747][629]LogModuleManager: Shutting down and abandoning module MeshEditor (330)
[2018.10.29-02.12.12:749][629]LogModuleManager: Shutting down and abandoning module CryptoKeysOpenSSL (328)
[2018.10.29-02.12.12:749][629]LogModuleManager: Shutting down and abandoning module CryptoKeys (326)
[2018.10.29-02.12.12:749][629]LogModuleManager: Shutting down and abandoning module VisualStudioSourceCodeAccess (324)
[2018.10.29-02.12.12:749][629]LogModuleManager: Shutting down and abandoning module VisualStudioCodeSourceCodeAccess (322)
[2018.10.29-02.12.12:749][629]LogModuleManager: Shutting down and abandoning module UObjectPlugin (320)
[2018.10.29-02.12.12:749][629]LogModuleManager: Shutting down and abandoning module SubversionSourceControl (318)
[2018.10.29-02.12.12:749][629]LogModuleManager: Shutting down and abandoning module PerforceSourceControl (316)
[2018.10.29-02.12.12:749][629]LogModuleManager: Shutting down and abandoning module GitSourceControl (314)
[2018.10.29-02.12.12:749][629]LogModuleManager: Shutting down and abandoning module SourceControl (313)
[2018.10.29-02.12.12:749][629]LogModuleManager: Shutting down and abandoning module CLionSourceCodeAccess (310)
[2018.10.29-02.12.12:749][629]LogModuleManager: Shutting down and abandoning module LightPropagationVolumeEditor (308)
[2018.10.29-02.12.12:749][629]LogModuleManager: Shutting down and abandoning module PaperTiledImporter (306)
[2018.10.29-02.12.12:749][629]LogModuleManager: Shutting down and abandoning module PaperSpriteSheetImporter (304)
[2018.10.29-02.12.12:749][629]LogModuleManager: Shutting down and abandoning module Paper2DEditor (302)
[2018.10.29-02.12.12:749][629]LogModuleManager: Shutting down and abandoning module MeshPaint (301)
[2018.10.29-02.12.12:749][629]LogModuleManager: Shutting down and abandoning module RuntimePhysXCooking (298)
[2018.10.29-02.12.12:749][629]LogModuleManager: Shutting down and abandoning module PhysXVehiclesEditor (296)
[2018.10.29-02.12.12:749][629]LogModuleManager: Shutting down and abandoning module PhysXVehicles (294)
[2018.10.29-02.12.12:749][629]LogModuleManager: Shutting down and abandoning module OculusEditor (292)
[2018.10.29-02.12.12:749][629]LogModuleManager: Shutting down and abandoning module LocationServicesBPLibrary (290)
[2018.10.29-02.12.12:749][629]LogModuleManager: Shutting down and abandoning module ImmediatePhysicsEditor (288)
[2018.10.29-02.12.12:749][629]LogModuleManager: Shutting down and abandoning module ImmediatePhysics (286)
[2018.10.29-02.12.12:749][629]LogModuleManager: Shutting down and abandoning module ActorSequence (284)
[2018.10.29-02.12.12:749][629]LogModuleManager: Shutting down and abandoning module UdpMessaging (282)
[2018.10.29-02.12.12:849][629]LogModuleManager: Shutting down and abandoning module TcpMessaging (280)
[2018.10.29-02.12.12:950][629]LogModuleManager: Shutting down and abandoning module MagicLeapAudio (278)
[2018.10.29-02.12.12:950][629]LogModuleManager: Shutting down and abandoning module GameplayTagsEditor (276)
[2018.10.29-02.12.12:950][629]LogModuleManager: Shutting down and abandoning module FacialAnimationEditor (274)
[2018.10.29-02.12.12:950][629]LogModuleManager: Shutting down and abandoning module FacialAnimation (272)
[2018.10.29-02.12.12:950][629]LogModuleManager: Shutting down and abandoning module DataValidation (270)
[2018.10.29-02.12.12:950][629]LogModuleManager: Shutting down and abandoning module AssetManagerEditor (268)
[2018.10.29-02.12.12:950][629]LogModuleManager: Shutting down and abandoning module LevelEditor (267)
[2018.10.29-02.12.12:950][629]LogModuleManager: Shutting down and abandoning module PixelInspectorModule (266)
[2018.10.29-02.12.12:950][629]LogModuleManager: Shutting down and abandoning module CommonMenuExtensions (264)
[2018.10.29-02.12.12:950][629]LogModuleManager: Shutting down and abandoning module MainFrame (262)
[2018.10.29-02.12.12:950][629]LogModuleManager: Shutting down and abandoning module HotReload (261)
[2018.10.29-02.12.12:951][629]LogModuleManager: Shutting down and abandoning module ContentBrowser (257)
[2018.10.29-02.12.12:951][629]LogModuleManager: Shutting down and abandoning module TreeMap (255)
[2018.10.29-02.12.12:951][629]LogModuleManager: Shutting down and abandoning module LightPropagationVolumeRuntime (252)
[2018.10.29-02.12.12:951][629]LogModuleManager: Shutting down and abandoning module AISupportModule (250)
[2018.10.29-02.12.12:951][629]LogModuleManager: Shutting down and abandoning module Paper2D (248)
[2018.10.29-02.12.12:952][629]LogModuleManager: Shutting down and abandoning module WindowsMoviePlayer (246)
[2018.10.29-02.12.12:952][629]LogModuleManager: Shutting down and abandoning module WmfMedia (244)
[2018.10.29-02.12.12:953][629]LogModuleManager: Shutting down and abandoning module Media (243)
[2018.10.29-02.12.12:959][629]LogModuleManager: Shutting down and abandoning module PacketHandler (240)
[2018.10.29-02.12.12:959][629]LogModuleManager: Shutting down and abandoning module ClothingSystemEditor (238)
[2018.10.29-02.12.12:959][629]LogModuleManager: Shutting down and abandoning module ClothingSystemRuntime (236)
[2018.10.29-02.12.12:959][629]LogModuleManager: Shutting down and abandoning module MediaAssets (234)
[2018.10.29-02.12.12:959][629]LogModuleManager: Shutting down and abandoning module Overlay (232)
[2018.10.29-02.12.12:959][629]LogModuleManager: Shutting down and abandoning module OverlayEditor (231)
[2018.10.29-02.12.12:959][629]LogModuleManager: Shutting down and abandoning module VREditor (228)
[2018.10.29-02.12.12:959][629]LogModuleManager: Shutting down and abandoning module StringTableEditor (226)
[2018.10.29-02.12.12:959][629]LogModuleManager: Shutting down and abandoning module GameplayTasksEditor (224)
[2018.10.29-02.12.12:959][629]LogModuleManager: Shutting down and abandoning module BehaviorTreeEditor (222)
[2018.10.29-02.12.12:959][629]LogModuleManager: Shutting down and abandoning module FunctionalTesting (220)
[2018.10.29-02.12.12:959][629]LogModuleManager: Shutting down and abandoning module CollisionAnalyzer (218)
[2018.10.29-02.12.12:959][629]LogModuleManager: Shutting down and abandoning module WorkspaceMenuStructure (217)
[2018.10.29-02.12.12:959][629]LogModuleManager: Shutting down and abandoning module UMG (214)
[2018.10.29-02.12.12:959][629]LogModuleManager: Shutting down and abandoning module UMGEditor (213)
[2018.10.29-02.12.12:959][629]LogModuleManager: Shutting down and abandoning module Sequencer (212)
[2018.10.29-02.12.12:959][629]LogModuleManager: Shutting down and abandoning module MessageLog (209)
[2018.10.29-02.12.12:959][629]LogModuleManager: Shutting down and abandoning module SlateReflector (204)
[2018.10.29-02.12.12:959][629]LogModuleManager: Shutting down and abandoning module Slate (202)
[2018.10.29-02.12.12:959][629]LogModuleManager: Shutting down and abandoning module EditorStyle (200)
[2018.10.29-02.12.12:960][629]LogModuleManager: Shutting down and abandoning module MRMesh (198)
[2018.10.29-02.12.12:960][629]LogModuleManager: Shutting down and abandoning module SourceCodeAccess (196)
[2018.10.29-02.12.12:960][629]LogModuleManager: Shutting down and abandoning module HeadMountedDisplay (194)
[2018.10.29-02.12.12:960][629]LogModuleManager: Shutting down and abandoning module XAudio2 (192)
[2018.10.29-02.12.12:960][629]LogModuleManager: Shutting down and abandoning module Networking (190)
[2018.10.29-02.12.12:960][629]LogModuleManager: Shutting down and abandoning module Core (188)
[2018.10.29-02.12.12:960][629]LogModuleManager: Shutting down and abandoning module LevelSequence (186)
[2018.10.29-02.12.12:960][629]LogModuleManager: Shutting down and abandoning module KismetCompiler (184)
[2018.10.29-02.12.12:960][629]LogModuleManager: Shutting down and abandoning module MeshUtilities (182)
[2018.10.29-02.12.12:960][629]LogModuleManager: Shutting down and abandoning module MeshMergeUtilities (181)
[2018.10.29-02.12.12:961][629]LogModuleManager: Shutting down and abandoning module MeshReductionInterface (180)
[2018.10.29-02.12.12:961][629]LogModuleManager: Shutting down and abandoning module SimplygonSwarm (179)
[2018.10.29-02.12.12:961][629]LogModuleManager: Shutting down and abandoning module ProxyLODMeshReduction (177)
[2018.10.29-02.12.12:961][629]LogModuleManager: Shutting down and abandoning module SimplygonMeshReduction (175)
[2018.10.29-02.12.12:961][629]LogModuleManager: Shutting down and abandoning module QuadricMeshReduction (173)
[2018.10.29-02.12.12:961][629]LogModuleManager: Shutting down and abandoning module MaterialBaking (169)
[2018.10.29-02.12.12:961][629]LogModuleManager: Shutting down and abandoning module DirectoryWatcher (165)
[2018.10.29-02.12.12:961][629]LogModuleManager: Shutting down and abandoning module DerivedDataCache (162)
[2018.10.29-02.12.12:982][629]LogDerivedDataCache: Shutdown
[2018.10.29-02.12.12:982][629]LogModuleManager: Shutting down and abandoning module XGEController (160)
[2018.10.29-02.12.12:982][629]LogXGEController: Cleaning working directory: C:/Users/student/AppData/Local/Temp/UnrealXGEWorkingDir/
[2018.10.29-02.12.12:982][629]LogModuleManager: Shutting down and abandoning module TargetPlatform (158)
[2018.10.29-02.12.12:982][629]LogModuleManager: Shutting down and abandoning module VulkanShaderFormat (157)
[2018.10.29-02.12.12:982][629]LogModuleManager: Shutting down and abandoning module ShaderFormatVectorVM (155)
[2018.10.29-02.12.12:982][629]LogModuleManager: Shutting down and abandoning module ShaderFormatOpenGL (153)
[2018.10.29-02.12.12:982][629]LogModuleManager: Shutting down and abandoning module ShaderFormatD3D (151)
[2018.10.29-02.12.12:982][629]LogModuleManager: Shutting down and abandoning module MetalShaderFormat (149)
[2018.10.29-02.12.12:982][629]LogModuleManager: Shutting down and abandoning module TextureFormatUncompressed (147)
[2018.10.29-02.12.12:982][629]LogModuleManager: Shutting down and abandoning module TextureFormatPVR (145)
[2018.10.29-02.12.12:982][629]LogModuleManager: Shutting down and abandoning module TextureFormatDXT (143)
[2018.10.29-02.12.12:982][629]LogModuleManager: Shutting down and abandoning module TextureFormatIntelISPCTexComp (141)
[2018.10.29-02.12.12:982][629]LogModuleManager: Shutting down and abandoning module TextureFormatASTC (139)
[2018.10.29-02.12.12:982][629]LogModuleManager: Shutting down and abandoning module ImageWrapper (138)
[2018.10.29-02.12.12:982][629]LogModuleManager: Shutting down and abandoning module TextureFormatAndroid (135)
[2018.10.29-02.12.12:982][629]LogModuleManager: Shutting down and abandoning module AudioFormatOpus (133)
[2018.10.29-02.12.12:982][629]LogModuleManager: Shutting down and abandoning module AudioFormatOgg (131)
[2018.10.29-02.12.12:982][629]LogModuleManager: Shutting down and abandoning module AudioFormatADPCM (129)
[2018.10.29-02.12.12:982][629]LogModuleManager: Shutting down and abandoning module LuminTargetPlatform (127)
[2018.10.29-02.12.12:982][629]LogModuleManager: Shutting down and abandoning module LinuxTargetPlatform (125)
[2018.10.29-02.12.12:982][629]LogModuleManager: Shutting down and abandoning module LinuxServerTargetPlatform (123)
[2018.10.29-02.12.12:982][629]LogModuleManager: Shutting down and abandoning module LinuxNoEditorTargetPlatform (121)
[2018.10.29-02.12.12:982][629]LogModuleManager: Shutting down and abandoning module LinuxClientTargetPlatform (119)
[2018.10.29-02.12.12:982][629]LogModuleManager: Shutting down and abandoning module TVOSTargetPlatform (117)
[2018.10.29-02.12.12:983][629]LogModuleManager: Shutting down and abandoning module Messaging (115)
[2018.10.29-02.12.12:983][629]LogModuleManager: Shutting down and abandoning module IOSTargetPlatform (113)
[2018.10.29-02.12.12:984][629]LogModuleManager: Shutting down and abandoning module HTML5TargetPlatform (111)
[2018.10.29-02.12.12:984][629]LogModuleManager: Shutting down and abandoning module AndroidTargetPlatform (109)
[2018.10.29-02.12.12:988][629]LogModuleManager: Shutting down and abandoning module WindowsTargetPlatform (107)
[2018.10.29-02.12.12:988][629]LogModuleManager: Shutting down and abandoning module WindowsServerTargetPlatform (105)
[2018.10.29-02.12.12:988][629]LogModuleManager: Shutting down and abandoning module WindowsNoEditorTargetPlatform (103)
[2018.10.29-02.12.12:988][629]LogModuleManager: Shutting down and abandoning module WindowsClientTargetPlatform (101)
[2018.10.29-02.12.12:988][629]LogModuleManager: Shutting down and abandoning module MacTargetPlatform (99)
[2018.10.29-02.12.12:988][629]LogModuleManager: Shutting down and abandoning module MacServerTargetPlatform (97)
[2018.10.29-02.12.12:988][629]LogModuleManager: Shutting down and abandoning module MacNoEditorTargetPlatform (95)
[2018.10.29-02.12.12:988][629]LogModuleManager: Shutting down and abandoning module MacClientTargetPlatform (93)
[2018.10.29-02.12.12:988][629]LogModuleManager: Shutting down and abandoning module AllDesktopTargetPlatform (91)
[2018.10.29-02.12.12:988][629]LogModuleManager: Shutting down and abandoning module InputCore (88)
[2018.10.29-02.12.12:988][629]LogModuleManager: Shutting down and abandoning module Settings (86)
[2018.10.29-02.12.12:988][629]LogModuleManager: Shutting down and abandoning module PhysXCooking (84)
[2018.10.29-02.12.12:988][629]LogModuleManager: Shutting down and abandoning module SteamVR (82)
[2018.10.29-02.12.12:988][629]LogModuleManager: Shutting down and abandoning module OculusHMD (80)
[2018.10.29-02.12.12:988][629]LogModuleManager: Shutting down and abandoning module ExampleDeviceProfileSelector (78)
[2018.10.29-02.12.12:988][629]LogModuleManager: Shutting down and abandoning module LauncherChunkInstaller (76)
[2018.10.29-02.12.12:988][629]LogModuleManager: Shutting down and abandoning module OnlineBlueprintSupport (74)
[2018.10.29-02.12.12:988][629]LogModuleManager: Shutting down and abandoning module OnlineSubsystem (70)
[2018.10.29-02.12.12:989][629]LogModuleManager: Shutting down and abandoning module XMPP (65)
[2018.10.29-02.12.12:989][629]LogModuleManager: Shutting down and abandoning module WebSockets (64)
[2018.10.29-02.12.13:020][629]LogModuleManager: Shutting down and abandoning module HTTP (61)
[2018.10.29-02.12.13:020][629]LogHttp: Display: Http module shutting down, but needs to wait on 1 outstanding Http requests:
[2018.10.29-02.12.13:020][629]LogHttp: Display: 	verb=[POST] url=[https://datarouter.ol.epicgames.com/datarouter/api/v1/public/data?SessionID=%7B0FD64B52-4814-070E-762D-9DA0FDBC5C34%7D&AppID=UEEditor.Rocket.Release&AppVersion=4.20.3-4369336%2B%2B%2BUE4%2BRelease-4.20&UserID=0c7652fe40f5e25e123804a0044c5960%7C011d86c15b4049e293fde69515c11c63%7Cbbcb1eb1-5cb1-420c-bc86-96715240a042&AppEnvironment=datacollector-binary&UploadType=eteventstream] status=Processing
[2018.10.29-02.12.13:040][629]LogModuleManager: Shutting down and abandoning module SSL (60)
[2018.10.29-02.12.13:041][629]LogModuleManager: Shutting down and abandoning module MagicLeapEmulator (56)
[2018.10.29-02.12.13:041][629]LogModuleManager: Shutting down and abandoning module MagicLeapPrivileges (54)
[2018.10.29-02.12.13:041][629]LogModuleManager: Shutting down and abandoning module MagicLeapIdentity (52)
[2018.10.29-02.12.13:041][629]LogModuleManager: Shutting down and abandoning module MagicLeapHelperVulkan (50)
[2018.10.29-02.12.13:041][629]LogModuleManager: Shutting down and abandoning module MagicLeapHelperOpenGL (48)
[2018.10.29-02.12.13:041][629]LogModuleManager: Shutting down and abandoning module MagicLeapSecureStorage (46)
[2018.10.29-02.12.13:041][629]LogModuleManager: Shutting down and abandoning module MagicLeapGestures (44)
[2018.10.29-02.12.13:041][629]LogModuleManager: Shutting down and abandoning module MagicLeapEyeTracker (42)
[2018.10.29-02.12.13:041][629]LogModuleManager: Shutting down and abandoning module MagicLeapController (40)
[2018.10.29-02.12.13:041][629]LogSlate: Slate User Destroyed.  User Index 0, Is Virtual User: 0
[2018.10.29-02.12.13:041][629]LogModuleManager: Shutting down and abandoning module MagicLeap (38)
[2018.10.29-02.12.13:041][629]LogModuleManager: Shutting down and abandoning module AnimationModifiers (36)
[2018.10.29-02.12.13:041][629]LogModuleManager: Shutting down and abandoning module PropertyEditor (35)
[2018.10.29-02.12.13:041][629]LogModuleManager: Shutting down and abandoning module AudioEditor (32)
[2018.10.29-02.12.13:041][629]LogModuleManager: Shutting down and abandoning module TextureCompressor (30)
[2018.10.29-02.12.13:042][629]LogModuleManager: Shutting down and abandoning module ShaderCore (28)
[2018.10.29-02.12.13:042][629]LogModuleManager: Shutting down and abandoning module Landscape (26)
[2018.10.29-02.12.13:042][629]LogModuleManager: Shutting down and abandoning module SlateRHIRenderer (24)
[2018.10.29-02.12.13:042][629]LogModuleManager: Shutting down and abandoning module OpenGLDrv (22)
[2018.10.29-02.12.13:042][629]LogModuleManager: Shutting down and abandoning module D3D11RHI (20)
[2018.10.29-02.12.13:042][629]LogModuleManager: Shutting down and abandoning module AnimGraphRuntime (18)
[2018.10.29-02.12.13:042][629]LogModuleManager: Shutting down and abandoning module Renderer (16)
[2018.10.29-02.12.13:042][629]LogModuleManager: Shutting down and abandoning module Engine (14)
[2018.10.29-02.12.13:042][629]LogModuleManager: Shutting down and abandoning module CoreUObject (12)
[2018.10.29-02.12.13:042][629]LogModuleManager: Shutting down and abandoning module NetworkFile (10)
[2018.10.29-02.12.13:042][629]LogModuleManager: Shutting down and abandoning module CookedIterativeFile (8)
[2018.10.29-02.12.13:042][629]LogModuleManager: Shutting down and abandoning module StreamingFile (6)
[2018.10.29-02.12.13:042][629]LogModuleManager: Shutting down and abandoning module SandboxFile (4)
[2018.10.29-02.12.13:042][629]LogModuleManager: Shutting down and abandoning module PakFile (2)
[2018.10.29-02.12.13:047][629]LogExit: Exiting.
[2018.10.29-02.12.13:066][629]Log file closed, 10/29/18 11:12:13
